[INFO] [1741802708.099864801] [object_tracker]: data base name /home/jetson/face_recoginition/face_database_lab_2.pkl
[INFO] [1741802708.102487457] [object_tracker]: save image set to True
[INFO] [1741802708.212581728] [object_tracker]: Done array initializations
[INFO] [1741802708.249424541] [object_tracker]: Checking the connected cameras
[INFO] [1741802708.253586207] [object_tracker]: Starting insight face init
[INFO] [1741803428.757625516] [object_tracker]: Finished all init
[WARN] [1741803429.464152651] [object_tracker]: No image received yet!
[INFO] [1741803614.920876538] [object_tracker]: Head pos size (3,)
[INFO] [1741803614.929548622] [object_tracker]: Head pos size [ 1.4235864 -1.5237705 -0.4392551]
[INFO] [1741803615.073394820] [object_tracker]: New object detected: ID 22, Label: Body_22
[INFO] [1741803615.081891434] [object_tracker]: Processing object (ID 22)
[INFO] [1741803615.088487893] [object_tracker]: Starting the camera cap and face recoiginiation
[INFO] [1741803661.071187771] [object_tracker]: Finished the camera cap and face recoiginiation
[INFO] [1741803661.562074646] [object_tracker]: Number of faces detected 1
[INFO] [1741803661.913938604] [object_tracker]: 3D point in USB camera's coordinate system:[1583.77045155  505.25508857 1423.58636856]
[INFO] [1741803661.920264802] [object_tracker]: 2D image coordinates (u, v): 2498 , 1054
[INFO] [1741803661.931598656] [object_tracker]: best score 0.8765693828463554 , for: Unknown
[INFO] [1741803663.278729853] [object_tracker]: !!!!!!!!!!! No match found for the body_id 22
[INFO] [1741803663.830140061] [object_tracker]: Head pos size (3,)
[INFO] [1741803663.834706728] [object_tracker]: Head pos size [ 3.000961   -3.4857945   0.28423953]
[INFO] [1741803664.328136467] [object_tracker]: New object detected: ID 23, Label: Body_23
[INFO] [1741803664.334090478] [object_tracker]: Processing object (ID 23)
[INFO] [1741803664.337696572] [object_tracker]: Starting the camera cap and face recoiginiation
[INFO] [1741803671.715324433] [object_tracker]: Finished the camera cap and face recoiginiation
[INFO] [1741803671.819788235] [object_tracker]: Number of faces detected 1
[INFO] [1741803671.825696100] [object_tracker]: 3D point in USB camera's coordinate system:[3545.79454422 -218.23953056 3000.96106529]
[INFO] [1741803671.829416933] [object_tracker]: 2D image coordinates (u, v): 2599 , 414
[INFO] [1741803671.842280892] [object_tracker]: best score 0.47581714391708374 , for: p3_3
[INFO] [1741803672.228482714] [object_tracker]: We found a match for the body_id 23
[INFO] [1741803672.231247298] [object_tracker]: Labesl have been updated 
[INFO] [1741803674.401382401] [object_tracker]: Head pos size (3,)
[INFO] [1741803674.444172453] [object_tracker]: Head pos size [ 3.7891517  -0.23932728  0.36938596]
[INFO] [1741803674.831477401] [object_tracker]: New object detected: ID 25, Label: Body_25
[INFO] [1741803674.835135995] [object_tracker]: Processing object (ID 25)
[INFO] [1741803674.837950630] [object_tracker]: Starting the camera cap and face recoiginiation
[INFO] [1741803679.776316514] [object_tracker]: Finished the camera cap and face recoiginiation
[INFO] [1741803679.783415368] [object_tracker]: Number of faces detected 1
[INFO] [1741803679.787338180] [object_tracker]: 3D point in USB camera's coordinate system:[ 299.32728171 -303.38595772 3789.15166855]
[INFO] [1741803679.789950941] [object_tracker]: 2D image coordinates (u, v): 974 , 403
[INFO] [1741803679.800631097] [object_tracker]: best score 0.3512435555458069 , for: p3_6
[INFO] [1741803679.932074587] [object_tracker]: We found a match for the body_id 25
[INFO] [1741803679.936153701] [object_tracker]: Labesl have been updated 
[INFO] [1741803700.590110724] [object_tracker]: Head pos size (3,)
[INFO] [1741803700.604300204] [object_tracker]: Head pos size [ 1.4065342 -1.7315793 -0.5430306]
[INFO] [1741803700.728928693] [object_tracker]: New object detected: ID 26, Label: Body_26
[INFO] [1741803700.735080724] [object_tracker]: Processing object (ID 26)
[INFO] [1741803700.738330985] [object_tracker]: Starting the camera cap and face recoiginiation
[INFO] [1741803703.496093119] [object_tracker]: Finished the camera cap and face recoiginiation
[INFO] [1741803703.499851088] [object_tracker]: No face detected for (ID 26)
[INFO] [1741803703.520177650] [object_tracker]: Head pos size (3,)
[INFO] [1741803703.524074942] [object_tracker]: Head pos size [ 1.5335779  -1.453798   -0.39607427]
[INFO] [1741803703.529572286] [object_tracker]: New object detected: ID 26, Label: Body_26
[INFO] [1741803703.532255046] [object_tracker]: Processing object (ID 26)
[INFO] [1741803703.534969005] [object_tracker]: Starting the camera cap and face recoiginiation
[INFO] [1741803706.229377389] [object_tracker]: Finished the camera cap and face recoiginiation
[INFO] [1741803706.232420254] [object_tracker]: Number of faces detected 1
[INFO] [1741803706.241030722] [object_tracker]: 3D point in USB camera's coordinate system:[1513.79805565  462.07426524 1533.57791901]
[INFO] [1741803706.244412493] [object_tracker]: 2D image coordinates (u, v): 2313 , 974
[INFO] [1741803706.257197649] [object_tracker]: best score 0.91360142827034 , for: Unknown
[INFO] [1741803706.334341816] [object_tracker]: !!!!!!!!!!! No match found for the body_id 26
[INFO] [1741803706.358360931] [object_tracker]: Head pos size (3,)
[INFO] [1741803706.361701191] [object_tracker]: Head pos size [ 2.1385095  -1.1949761  -0.04044074]
[INFO] [1741803706.366637545] [object_tracker]: New object detected: ID 26, Label: Body_26
[INFO] [1741803706.369356504] [object_tracker]: Processing object (ID 26)
[INFO] [1741803706.371996243] [object_tracker]: Starting the camera cap and face recoiginiation
[INFO] [1741803709.082791398] [object_tracker]: Finished the camera cap and face recoiginiation
[INFO] [1741803709.093894732] [object_tracker]: Number of faces detected 1
[INFO] [1741803709.100198169] [object_tracker]: 3D point in USB camera's coordinate system:[1254.97609138  106.4407382  2138.50951195]
[INFO] [1741803709.103712336] [object_tracker]: 2D image coordinates (u, v): 1722 , 598
[INFO] [1741803709.118565252] [object_tracker]: best score 0.3206667900085449 , for: p3_6
[INFO] [1741803709.172009680] [object_tracker]: We found a match for the body_id 26
[INFO] [1741803709.174833534] [object_tracker]: Labesl have been updated 
[INFO] [1741803859.734765872] [object_tracker]: Head pos size (3,)
[INFO] [1741803860.558326757] [object_tracker]: Head pos size [ 3.7807374  -0.3431214   0.29934442]
[INFO] [1741803860.915527851] [object_tracker]: New object detected: ID 27, Label: Body_27
[INFO] [1741803860.948842382] [object_tracker]: Processing object (ID 27)
[INFO] [1741803860.953718059] [object_tracker]: Starting the camera cap and face recoiginiation
[INFO] [1741803928.091908034] [object_tracker]: Finished the camera cap and face recoiginiation
[INFO] [1741803928.406212825] [object_tracker]: Number of faces detected 1
[INFO] [1741803928.797681679] [object_tracker]: 3D point in USB camera's coordinate system:[ 403.12140942 -233.34442043 3780.73740005]
[INFO] [1741803928.822561106] [object_tracker]: 2D image coordinates (u, v): 1014 , 431
[INFO] [1741803929.110711575] [object_tracker]: best score 0.41743290424346924 , for: p3_3
[INFO] [1741803929.333581002] [object_tracker]: We found a match for the body_id 27
[INFO] [1741803929.340999543] [object_tracker]: Labesl have been updated 
[INFO] [1741803929.781252460] [object_tracker]: Head pos size (3,)
[INFO] [1741803929.785158762] [object_tracker]: Head pos size [ 4.0873585  -0.28304946  0.41260576]
[INFO] [1741803929.942852824] [object_tracker]: New object detected: ID 28, Label: Body_28
[INFO] [1741803929.992562981] [object_tracker]: Processing object (ID 28)
[INFO] [1741803930.004210429] [object_tracker]: Starting the camera cap and face recoiginiation
[INFO] [1741803933.510532198] [object_tracker]: Finished the camera cap and face recoiginiation
[INFO] [1741803933.517780740] [object_tracker]: Number of faces detected 1
[INFO] [1741803933.523650011] [object_tracker]: 3D point in USB camera's coordinate system:[ 343.04946423 -346.60576248 4087.35847473]
[INFO] [1741803933.529596521] [object_tracker]: 2D image coordinates (u, v): 981 , 396
[INFO] [1741803933.549525948] [object_tracker]: best score 0.32640540599823 , for: p3_3
[INFO] [1741803933.617434802] [object_tracker]: We found a match for the body_id 28
[INFO] [1741803933.620819073] [object_tracker]: Labesl have been updated 
[INFO] [1741804065.840001158] [object_tracker]: Head pos size (3,)
[INFO] [1741804065.844439543] [object_tracker]: Head pos size [ 3.6851544  -0.23446606  0.31617355]
[INFO] [1741804065.849514596] [object_tracker]: New object detected: ID 29, Label: Body_29
[INFO] [1741804065.852575429] [object_tracker]: Processing object (ID 29)
[INFO] [1741804065.855561887] [object_tracker]: Starting the camera cap and face recoiginiation
[INFO] [1741804068.620480688] [object_tracker]: Finished the camera cap and face recoiginiation
[INFO] [1741804068.623857563] [object_tracker]: Number of faces detected 1
[INFO] [1741804068.627667876] [object_tracker]: 3D point in USB camera's coordinate system:[ 294.466061   -250.17355347 3685.15443802]
[INFO] [1741804068.630543553] [object_tracker]: 2D image coordinates (u, v): 975 , 421
[INFO] [1741804068.640941209] [object_tracker]: best score 0.37234681844711304 , for: p3_6
[INFO] [1741804068.684950949] [object_tracker]: We found a match for the body_id 29
[INFO] [1741804068.687764126] [object_tracker]: Labesl have been updated 
[INFO] [1741804130.464741602] [object_tracker]: Head pos size (3,)
[INFO] [1741804130.470345508] [object_tracker]: Head pos size [ 3.7049098  -0.32799482  0.28364766]
[INFO] [1741804130.475398373] [object_tracker]: New object detected: ID 30, Label: Body_30
[INFO] [1741804130.478138425] [object_tracker]: Processing object (ID 30)
[INFO] [1741804130.480870508] [object_tracker]: Starting the camera cap and face recoiginiation
[INFO] [1741804133.249024414] [object_tracker]: Finished the camera cap and face recoiginiation
[INFO] [1741804133.252722174] [object_tracker]: Number of faces detected 1
[INFO] [1741804133.256880872] [object_tracker]: 3D point in USB camera's coordinate system:[ 387.99482346 -217.64765644 3704.90980148]
[INFO] [1741804133.259856132] [object_tracker]: 2D image coordinates (u, v): 1012 , 435
[INFO] [1741804133.272498893] [object_tracker]: best score 0.42075759172439575 , for: p3_7
[INFO] [1741804133.317352434] [object_tracker]: We found a match for the body_id 30
[INFO] [1741804133.320294778] [object_tracker]: Labesl have been updated 
[INFO] [1741804584.785824293] [object_tracker]: Head pos size (3,)
[INFO] [1741804584.789935075] [object_tracker]: Head pos size [ 1.2580038 -1.451819  -0.5053505]
[INFO] [1741804584.794654554] [object_tracker]: New object detected: ID 31, Label: Body_31
[INFO] [1741804584.797275752] [object_tracker]: Processing object (ID 31)
[INFO] [1741804584.799981950] [object_tracker]: Starting the camera cap and face recoiginiation
[INFO] [1741804587.181149501] [object_tracker]: Finished the camera cap and face recoiginiation
[INFO] [1741804587.185664136] [object_tracker]: No face detected for (ID 31)
[INFO] [1741804587.207668928] [object_tracker]: Head pos size (3,)
[INFO] [1741804587.211378980] [object_tracker]: Head pos size [ 1.4297823  -1.485784   -0.48855507]
[INFO] [1741804587.216209918] [object_tracker]: New object detected: ID 31, Label: Body_31
[INFO] [1741804587.218929970] [object_tracker]: Processing object (ID 31)
[INFO] [1741804587.222528563] [object_tracker]: Starting the camera cap and face recoiginiation
[INFO] [1741804590.106413771] [object_tracker]: Finished the camera cap and face recoiginiation
[INFO] [1741804590.110357312] [object_tracker]: Number of faces detected 1
[INFO] [1741804590.114107416] [object_tracker]: 3D point in USB camera's coordinate system:[1545.7840538   554.55507374 1429.78227139]
[INFO] [1741804590.124722468] [object_tracker]: 2D image coordinates (u, v): 2451 , 1104
[INFO] [1741804590.138067416] [object_tracker]: best score 0.6463093459606171 , for: p3_1
[INFO] [1741804590.184150125] [object_tracker]: We found a match for the body_id 31
[INFO] [1741804590.187591739] [object_tracker]: Labesl have been updated 
[INFO] [1741805223.386817696] [object_tracker]: Head pos size (3,)
[INFO] [1741805223.391211394] [object_tracker]: Head pos size [ 1.5146356   1.7281506  -0.24074993]
[INFO] [1741805223.397199623] [object_tracker]: New object detected: ID 32, Label: Body_32
[INFO] [1741805223.400565560] [object_tracker]: Processing object (ID 32)
[INFO] [1741805223.404026810] [object_tracker]: Starting the camera cap and face recoiginiation
[INFO] [1741805226.164861393] [object_tracker]: Finished the camera cap and face recoiginiation
[INFO] [1741805226.168882851] [object_tracker]: No face detected for (ID 32)
[INFO] [1741805226.189088788] [object_tracker]: Head pos size (3,)
[INFO] [1741805226.192795403] [object_tracker]: Head pos size [ 1.7166629   1.6718156  -0.16179216]
[INFO] [1741805226.197614049] [object_tracker]: New object detected: ID 32, Label: Body_32
[INFO] [1741805226.200131288] [object_tracker]: Processing object (ID 32)
[INFO] [1741805226.202725299] [object_tracker]: Starting the camera cap and face recoiginiation
[INFO] [1741805229.280911808] [object_tracker]: Finished the camera cap and face recoiginiation
[INFO] [1741805229.288994360] [object_tracker]: Number of faces detected 1
[INFO] [1741805229.293479516] [object_tracker]: 3D point in USB camera's coordinate system:[-1611.81563377   227.79215908  1716.66288376]
[INFO] [1741805229.296227954] [object_tracker]: 2D image coordinates (u, v): -526 , 722
[INFO] [1741805229.307905454] [object_tracker]: best score 0.4054168462753296 , for: p3_2
[INFO] [1741805229.401160454] [object_tracker]: We found a match for the body_id 32
[INFO] [1741805229.405405558] [object_tracker]: Labesl have been updated 
[INFO] [1741805379.037726907] [object_tracker]: Head pos size (3,)
[INFO] [1741805379.043221647] [object_tracker]: Head pos size [ 1.0595236  -1.222366   -0.56599754]
[INFO] [1741805379.049039928] [object_tracker]: New object detected: ID 33, Label: Body_33
[INFO] [1741805379.052217063] [object_tracker]: Processing object (ID 33)
[INFO] [1741805379.055075813] [object_tracker]: Starting the camera cap and face recoiginiation
[INFO] [1741805381.452465552] [object_tracker]: Finished the camera cap and face recoiginiation
[INFO] [1741805381.459184562] [object_tracker]: No face detected for (ID 33)
[INFO] [1741805381.477994667] [object_tracker]: Head pos size (3,)
[INFO] [1741805381.481773469] [object_tracker]: Head pos size [ 1.0583029  -1.0942442  -0.59263754]
[INFO] [1741805381.486969562] [object_tracker]: New object detected: ID 33, Label: Body_33
[INFO] [1741805381.490388052] [object_tracker]: Processing object (ID 33)
[INFO] [1741805381.494760031] [object_tracker]: Starting the camera cap and face recoiginiation
[INFO] [1741805383.809999509] [object_tracker]: Finished the camera cap and face recoiginiation
[INFO] [1741805383.813912739] [object_tracker]: No face detected for (ID 33)
[INFO] [1741805383.847469405] [object_tracker]: Head pos size (3,)
[INFO] [1741805383.852383989] [object_tracker]: Head pos size [ 0.9560798  -0.79028326 -0.5046284 ]
[INFO] [1741805383.862563676] [object_tracker]: New object detected: ID 33, Label: Body_33
[INFO] [1741805383.867521280] [object_tracker]: Processing object (ID 33)
[INFO] [1741805383.871087270] [object_tracker]: Starting the camera cap and face recoiginiation
[INFO] [1741805386.190959821] [object_tracker]: Finished the camera cap and face recoiginiation
[INFO] [1741805386.197609509] [object_tracker]: No face detected for (ID 33)
[INFO] [1741805386.220315134] [object_tracker]: Head pos size (3,)
[INFO] [1741805386.224971904] [object_tracker]: Head pos size [ 1.0295427  -0.38278264 -0.5200546 ]
[INFO] [1741805386.230055550] [object_tracker]: New object detected: ID 33, Label: Body_33
[INFO] [1741805386.232817738] [object_tracker]: Processing object (ID 33)
[INFO] [1741805386.235398727] [object_tracker]: Starting the camera cap and face recoiginiation
[INFO] [1741805388.563144664] [object_tracker]: Finished the camera cap and face recoiginiation
[INFO] [1741805388.568095601] [object_tracker]: No face detected for (ID 33)
[INFO] [1741805388.600952685] [object_tracker]: Head pos size (3,)
[INFO] [1741805388.604548414] [object_tracker]: Head pos size [ 0.965927   -0.63041836 -0.5011537 ]
[INFO] [1741805388.609205914] [object_tracker]: New object detected: ID 33, Label: Body_33
[INFO] [1741805388.611746278] [object_tracker]: Processing object (ID 33)
[INFO] [1741805388.614308987] [object_tracker]: Starting the camera cap and face recoiginiation
[INFO] [1741805391.324071382] [object_tracker]: Finished the camera cap and face recoiginiation
[INFO] [1741805391.328936330] [object_tracker]: Number of faces detected 1
[INFO] [1741805391.340771121] [object_tracker]: 3D point in USB camera's coordinate system:[690.41836023 567.1537075  965.92700481]
[INFO] [1741805391.348956069] [object_tracker]: 2D image coordinates (u, v): 1911 , 1402
[INFO] [1741805391.361766121] [object_tracker]: best score 0.8229817003011703 , for: Unknown
[INFO] [1741805391.407729350] [object_tracker]: !!!!!!!!!!! No match found for the body_id 33
[INFO] [1741805391.431283100] [object_tracker]: Head pos size (3,)
[INFO] [1741805391.435492475] [object_tracker]: Head pos size [ 0.9663745  -0.63641506 -0.4919538 ]
[INFO] [1741805391.440383882] [object_tracker]: New object detected: ID 33, Label: Body_33
[INFO] [1741805391.443643725] [object_tracker]: Processing object (ID 33)
[INFO] [1741805391.446722632] [object_tracker]: Starting the camera cap and face recoiginiation
[INFO] [1741805394.141126328] [object_tracker]: Finished the camera cap and face recoiginiation
[INFO] [1741805394.144346745] [object_tracker]: Number of faces detected 1
[INFO] [1741805394.148188099] [object_tracker]: 3D point in USB camera's coordinate system:[696.41506433 557.95379019 966.37451649]
[INFO] [1741805394.150875703] [object_tracker]: 2D image coordinates (u, v): 1920 , 1387
[INFO] [1741805394.164213881] [object_tracker]: best score 0.7239007353782654 , for: p3_1
[INFO] [1741805394.208280130] [object_tracker]: We found a match for the body_id 33
[INFO] [1741805394.210994558] [object_tracker]: Labesl have been updated 
[INFO] [1741806098.003656789] [object_tracker]: Head pos size (3,)
[INFO] [1741806098.008044706] [object_tracker]: Head pos size [ 2.6842515  -3.2686863   0.12925768]
[INFO] [1741806098.012861320] [object_tracker]: New object detected: ID 34, Label: Body_34
[INFO] [1741806098.015766268] [object_tracker]: Processing object (ID 34)
[INFO] [1741806098.018505435] [object_tracker]: Starting the camera cap and face recoiginiation
[INFO] [1741806100.402173403] [object_tracker]: Finished the camera cap and face recoiginiation
[INFO] [1741806100.406093976] [object_tracker]: No face detected for (ID 34)
[INFO] [1741806100.428811476] [object_tracker]: Head pos size (3,)
[INFO] [1741806100.433437569] [object_tracker]: Head pos size [ 2.9369574  -3.2971609   0.25820905]
[INFO] [1741806100.439015903] [object_tracker]: New object detected: ID 34, Label: Body_34
[INFO] [1741806100.441917569] [object_tracker]: Processing object (ID 34)
[INFO] [1741806100.444656007] [object_tracker]: Starting the camera cap and face recoiginiation
[INFO] [1741806102.761156058] [object_tracker]: Finished the camera cap and face recoiginiation
[INFO] [1741806102.765224652] [object_tracker]: No face detected for (ID 34)
[INFO] [1741806102.787126944] [object_tracker]: Head pos size (3,)
[INFO] [1741806102.791992360] [object_tracker]: Head pos size [ 3.2939305  -3.2259731   0.38090003]
[INFO] [1741806102.796922256] [object_tracker]: New object detected: ID 34, Label: Body_34
[INFO] [1741806102.799993350] [object_tracker]: Processing object (ID 34)
[INFO] [1741806102.802537985] [object_tracker]: Starting the camera cap and face recoiginiation
[INFO] [1741806105.124531005] [object_tracker]: Finished the camera cap and face recoiginiation
[INFO] [1741806105.127535953] [object_tracker]: No face detected for (ID 34)
[INFO] [1741806105.156722672] [object_tracker]: Head pos size (3,)
[INFO] [1741806105.160804182] [object_tracker]: Head pos size [ 4.022596  -3.2404575  0.724572 ]
[INFO] [1741806105.165568974] [object_tracker]: New object detected: ID 34, Label: Body_34
[INFO] [1741806105.168219495] [object_tracker]: Processing object (ID 34)
[INFO] [1741806105.170849651] [object_tracker]: Starting the camera cap and face recoiginiation
[INFO] [1741806107.488400848] [object_tracker]: Finished the camera cap and face recoiginiation
[INFO] [1741806107.493237098] [object_tracker]: No face detected for (ID 34)
[INFO] [1741806107.520176108] [object_tracker]: Head pos size (3,)
[INFO] [1741806107.525510431] [object_tracker]: Head pos size [ 4.088229   -3.2722723   0.74932873]
[INFO] [1741806107.531067358] [object_tracker]: New object detected: ID 34, Label: Body_34
[INFO] [1741806107.533861056] [object_tracker]: Processing object (ID 34)
[INFO] [1741806107.536690379] [object_tracker]: Starting the camera cap and face recoiginiation
[INFO] [1741806109.858066941] [object_tracker]: Finished the camera cap and face recoiginiation
[INFO] [1741806109.861689753] [object_tracker]: No face detected for (ID 34)
[INFO] [1741806109.886811368] [object_tracker]: Head pos size (3,)
[INFO] [1741806109.891868399] [object_tracker]: Head pos size [ 4.1100454 -3.2692745  0.7466153]
[INFO] [1741806109.897046003] [object_tracker]: New object detected: ID 34, Label: Body_34
[INFO] [1741806109.899888660] [object_tracker]: Processing object (ID 34)
[INFO] [1741806109.902484232] [object_tracker]: Starting the camera cap and face recoiginiation
[INFO] [1741806112.218971680] [object_tracker]: Finished the camera cap and face recoiginiation
[INFO] [1741806112.224139544] [object_tracker]: No face detected for (ID 34)
[INFO] [1741806112.252064023] [object_tracker]: Head pos size (3,)
[INFO] [1741806112.256636419] [object_tracker]: Head pos size [ 4.141176  -3.2833493  0.7528627]
[INFO] [1741806112.263050377] [object_tracker]: New object detected: ID 34, Label: Body_34
[INFO] [1741806112.265642200] [object_tracker]: Processing object (ID 34)
[INFO] [1741806112.268285273] [object_tracker]: Starting the camera cap and face recoiginiation
[INFO] [1741806114.582781679] [object_tracker]: Finished the camera cap and face recoiginiation
[INFO] [1741806114.586867929] [object_tracker]: No face detected for (ID 34)
[INFO] [1741806114.610828970] [object_tracker]: Head pos size (3,)
[INFO] [1741806114.614609960] [object_tracker]: Head pos size [ 4.087919  -3.264193   0.7471734]
[INFO] [1741806114.619470897] [object_tracker]: New object detected: ID 34, Label: Body_34
[INFO] [1741806114.622644595] [object_tracker]: Processing object (ID 34)
[INFO] [1741806114.626647095] [object_tracker]: Starting the camera cap and face recoiginiation
[INFO] [1741806116.941016782] [object_tracker]: Finished the camera cap and face recoiginiation
[INFO] [1741806116.946741313] [object_tracker]: No face detected for (ID 34)
[INFO] [1741806116.969513344] [object_tracker]: Head pos size (3,)
[INFO] [1741806116.973135688] [object_tracker]: Head pos size [ 4.085081   -3.2465444   0.73776233]
[INFO] [1741806116.977892459] [object_tracker]: New object detected: ID 34, Label: Body_34
[INFO] [1741806116.980605115] [object_tracker]: Processing object (ID 34)
[INFO] [1741806116.983169074] [object_tracker]: Starting the camera cap and face recoiginiation
[INFO] [1741806119.107965531] [object_tracker]: Finished the camera cap and face recoiginiation
[INFO] [1741806119.111662406] [object_tracker]: No face detected for (ID 34)
[INFO] [1741806119.135103396] [object_tracker]: Head pos size (3,)
[INFO] [1741806119.138618187] [object_tracker]: Head pos size [ 4.1170053 -3.275722   0.7504672]
[INFO] [1741806119.143410166] [object_tracker]: New object detected: ID 34, Label: Body_34
[INFO] [1741806119.146152510] [object_tracker]: Processing object (ID 34)
[INFO] [1741806119.148773656] [object_tracker]: Starting the camera cap and face recoiginiation
[INFO] [1741806121.466272926] [object_tracker]: Finished the camera cap and face recoiginiation
[INFO] [1741806121.473280009] [object_tracker]: No face detected for (ID 34)
[INFO] [1741806121.497916572] [object_tracker]: Head pos size (3,)
[INFO] [1741806121.501560791] [object_tracker]: Head pos size [ 4.0969224 -3.2383862  0.7378149]
[INFO] [1741806121.506112301] [object_tracker]: New object detected: ID 34, Label: Body_34
[INFO] [1741806121.509027561] [object_tracker]: Processing object (ID 34)
[INFO] [1741806121.512194905] [object_tracker]: Starting the camera cap and face recoiginiation
[INFO] [1741806123.833610842] [object_tracker]: Finished the camera cap and face recoiginiation
[INFO] [1741806123.837629748] [object_tracker]: No face detected for (ID 34)
[INFO] [1741806123.863595477] [object_tracker]: Head pos size (3,)
[INFO] [1741806123.867079227] [object_tracker]: Head pos size [ 4.1290574  -3.2786555   0.73917854]
[INFO] [1741806123.871735581] [object_tracker]: New object detected: ID 34, Label: Body_34
[INFO] [1741806123.874555529] [object_tracker]: Processing object (ID 34)
[INFO] [1741806123.877128550] [object_tracker]: Starting the camera cap and face recoiginiation
[INFO] [1741806126.194555893] [object_tracker]: Finished the camera cap and face recoiginiation
[INFO] [1741806126.199336778] [object_tracker]: No face detected for (ID 34)
[INFO] [1741806126.223061518] [object_tracker]: Head pos size (3,)
[INFO] [1741806126.227748445] [object_tracker]: Head pos size [ 3.7374055 -3.025085   0.6043669]
[INFO] [1741806126.232560685] [object_tracker]: New object detected: ID 34, Label: Body_34
[INFO] [1741806126.235368862] [object_tracker]: Processing object (ID 34)
[INFO] [1741806126.237940476] [object_tracker]: Starting the camera cap and face recoiginiation
[INFO] [1741806128.553104277] [object_tracker]: Finished the camera cap and face recoiginiation
[INFO] [1741806128.559398913] [object_tracker]: No face detected for (ID 34)
[INFO] [1741806128.582682923] [object_tracker]: Head pos size (3,)
[INFO] [1741806128.586954798] [object_tracker]: Head pos size [ 2.795598 -3.399962  0.213533]
[INFO] [1741806128.592910111] [object_tracker]: New object detected: ID 34, Label: Body_34
[INFO] [1741806128.595898861] [object_tracker]: Processing object (ID 34)
[INFO] [1741806128.598595527] [object_tracker]: Starting the camera cap and face recoiginiation
[INFO] [1741806130.914163547] [object_tracker]: Finished the camera cap and face recoiginiation
[INFO] [1741806130.916972349] [object_tracker]: No face detected for (ID 34)
[INFO] [1741806913.115231739] [object_tracker]: Head pos size (3,)
[INFO] [1741806913.120233301] [object_tracker]: Head pos size [ 1.437238   -1.6573215  -0.47719264]
[INFO] [1741806913.127187311] [object_tracker]: New object detected: ID 35, Label: Body_35
[INFO] [1741806913.131233509] [object_tracker]: Processing object (ID 35)
[INFO] [1741806913.134546114] [object_tracker]: Starting the camera cap and face recoiginiation
[INFO] [1741806915.521015956] [object_tracker]: Finished the camera cap and face recoiginiation
[INFO] [1741806915.528472311] [object_tracker]: No face detected for (ID 35)
[INFO] [1741806915.550953821] [object_tracker]: Head pos size (3,)
[INFO] [1741806915.554979863] [object_tracker]: Head pos size [ 1.4467545 -1.4327381 -0.3592139]
[INFO] [1741806915.562190956] [object_tracker]: New object detected: ID 35, Label: Body_35
[INFO] [1741806915.564985123] [object_tracker]: Processing object (ID 35)
[INFO] [1741806915.567545800] [object_tracker]: Starting the camera cap and face recoiginiation
[INFO] [1741806917.884319706] [object_tracker]: Finished the camera cap and face recoiginiation
[INFO] [1741806917.888158299] [object_tracker]: No face detected for (ID 35)
[INFO] [1741806917.923644810] [object_tracker]: Head pos size (3,)
[INFO] [1741806917.929104028] [object_tracker]: Head pos size [ 1.6748052  -1.3951557  -0.28390574]
[INFO] [1741806917.934784914] [object_tracker]: New object detected: ID 35, Label: Body_35
[INFO] [1741806917.938757414] [object_tracker]: Processing object (ID 35)
[INFO] [1741806917.941259237] [object_tracker]: Starting the camera cap and face recoiginiation
[INFO] [1741806920.643448975] [object_tracker]: Finished the camera cap and face recoiginiation
[INFO] [1741806920.650131632] [object_tracker]: Number of faces detected 1
[INFO] [1741806920.653937934] [object_tracker]: 3D point in USB camera's coordinate system:[1455.15566826  349.90574455 1674.80516434]
[INFO] [1741806920.662691111] [object_tracker]: 2D image coordinates (u, v): 2138 , 836
[INFO] [1741806920.675369288] [object_tracker]: best score 0.8677053600549698 , for: Unknown
[INFO] [1741806920.721553767] [object_tracker]: !!!!!!!!!!! No match found for the body_id 35
[INFO] [1741806920.745915069] [object_tracker]: Head pos size (3,)
[INFO] [1741806920.750462829] [object_tracker]: Head pos size [ 2.7682257 -1.2418373  0.2552335]
[INFO] [1741806920.755708454] [object_tracker]: New object detected: ID 35, Label: Body_35
[INFO] [1741806920.759832777] [object_tracker]: Processing object (ID 35)
[INFO] [1741806920.763774444] [object_tracker]: Starting the camera cap and face recoiginiation
[INFO] [1741806923.457743245] [object_tracker]: Finished the camera cap and face recoiginiation
[INFO] [1741806923.463025068] [object_tracker]: Number of faces detected 1
[INFO] [1741806923.467072880] [object_tracker]: 3D point in USB camera's coordinate system:[1301.83726311 -189.23349643 2768.22566986]
[INFO] [1741806923.470025016] [object_tracker]: 2D image coordinates (u, v): 1551 , 421
[INFO] [1741806923.480717099] [object_tracker]: best score 0.34783482551574707 , for: p3_3
[INFO] [1741806923.525730276] [object_tracker]: We found a match for the body_id 35
[INFO] [1741806923.528866891] [object_tracker]: Labesl have been updated 
[INFO] [1741807126.135349418] [object_tracker]: Head pos size (3,)
[INFO] [1741807126.140067803] [object_tracker]: Head pos size [ 1.1398634  -0.6388251  -0.54585147]
[INFO] [1741807126.145168011] [object_tracker]: New object detected: ID 36, Label: Body_36
[INFO] [1741807126.148751345] [object_tracker]: Processing object (ID 36)
[INFO] [1741807126.151625199] [object_tracker]: Starting the camera cap and face recoiginiation
[INFO] [1741807128.532359521] [object_tracker]: Finished the camera cap and face recoiginiation
[INFO] [1741807128.536387698] [object_tracker]: No face detected for (ID 36)
[INFO] [1741807128.557869625] [object_tracker]: Head pos size (3,)
[INFO] [1741807128.561776292] [object_tracker]: Head pos size [ 1.2284368  -0.5866528  -0.49561486]
[INFO] [1741807128.566631344] [object_tracker]: New object detected: ID 36, Label: Body_36
[INFO] [1741807128.570784052] [object_tracker]: Processing object (ID 36)
[INFO] [1741807128.573662594] [object_tracker]: Starting the camera cap and face recoiginiation
[INFO] [1741807130.888262228] [object_tracker]: Finished the camera cap and face recoiginiation
[INFO] [1741807130.892213218] [object_tracker]: No face detected for (ID 36)
[INFO] [1741807130.917547905] [object_tracker]: Head pos size (3,)
[INFO] [1741807130.920901395] [object_tracker]: Head pos size [ 1.2118489  -0.47445303 -0.5104482 ]
[INFO] [1741807130.925317385] [object_tracker]: New object detected: ID 36, Label: Body_36
[INFO] [1741807130.927996603] [object_tracker]: Processing object (ID 36)
[INFO] [1741807130.930954728] [object_tracker]: Starting the camera cap and face recoiginiation
[INFO] [1741807133.246408686] [object_tracker]: Finished the camera cap and face recoiginiation
[INFO] [1741807133.250050665] [object_tracker]: No face detected for (ID 36)
[INFO] [1741807133.274690821] [object_tracker]: Head pos size (3,)
[INFO] [1741807133.278238113] [object_tracker]: Head pos size [ 1.3733143  -0.08455817 -0.47781035]
[INFO] [1741807133.283112905] [object_tracker]: New object detected: ID 36, Label: Body_36
[INFO] [1741807133.285599207] [object_tracker]: Processing object (ID 36)
[INFO] [1741807133.288341811] [object_tracker]: Starting the camera cap and face recoiginiation
[INFO] [1741807135.601808893] [object_tracker]: Finished the camera cap and face recoiginiation
[INFO] [1741807135.606332747] [object_tracker]: No face detected for (ID 36)
[INFO] [1741807135.630458997] [object_tracker]: Head pos size (3,)
[INFO] [1741807135.638819102] [object_tracker]: Head pos size [ 1.7541122  1.5640295 -0.1647105]
[INFO] [1741807135.643947070] [object_tracker]: New object detected: ID 36, Label: Body_36
[INFO] [1741807135.646556654] [object_tracker]: Processing object (ID 36)
[INFO] [1741807135.649271081] [object_tracker]: Starting the camera cap and face recoiginiation
[INFO] [1741807137.964369986] [object_tracker]: Finished the camera cap and face recoiginiation
[INFO] [1741807137.969050142] [object_tracker]: No face detected for (ID 36)
[INFO] [1741807137.992586809] [object_tracker]: Head pos size (3,)
[INFO] [1741807137.996227330] [object_tracker]: Head pos size [ 2.262609    2.8602676  -0.09424643]
[INFO] [1741807138.001567851] [object_tracker]: New object detected: ID 36, Label: Body_36
[INFO] [1741807138.005494934] [object_tracker]: Processing object (ID 36)
[INFO] [1741807138.008217486] [object_tracker]: Starting the camera cap and face recoiginiation
[INFO] [1741807140.329694829] [object_tracker]: Finished the camera cap and face recoiginiation
[INFO] [1741807140.336633787] [object_tracker]: No face detected for (ID 36)
[INFO] [1741807140.415521704] [object_tracker]: Head pos size (3,)
[INFO] [1741807140.419476652] [object_tracker]: Head pos size [ 1.7932988   2.2328262  -0.26516554]
[INFO] [1741807140.424581079] [object_tracker]: New object detected: ID 37, Label: Body_37
[INFO] [1741807140.427528423] [object_tracker]: Processing object (ID 37)
[INFO] [1741807140.431196027] [object_tracker]: Starting the camera cap and face recoiginiation
[INFO] [1741807142.748448109] [object_tracker]: Finished the camera cap and face recoiginiation
[INFO] [1741807142.754581338] [object_tracker]: No face detected for (ID 37)
[INFO] [1741807142.777728578] [object_tracker]: Head pos size (3,)
[INFO] [1741807142.781327224] [object_tracker]: Head pos size [ 1.6890354  2.0308077 -0.1683187]
[INFO] [1741807142.786426338] [object_tracker]: New object detected: ID 37, Label: Body_37
[INFO] [1741807142.789176651] [object_tracker]: Processing object (ID 37)
[INFO] [1741807142.791879672] [object_tracker]: Starting the camera cap and face recoiginiation
[INFO] [1741807145.105495035] [object_tracker]: Finished the camera cap and face recoiginiation
[INFO] [1741807145.108769567] [object_tracker]: No face detected for (ID 37)
[INFO] [1741807145.131343213] [object_tracker]: Head pos size (3,)
[INFO] [1741807145.134999358] [object_tracker]: Head pos size [ 1.6177732  2.0286822 -0.1984821]
[INFO] [1741807145.140163108] [object_tracker]: New object detected: ID 37, Label: Body_37
[INFO] [1741807145.142931390] [object_tracker]: Processing object (ID 37)
[INFO] [1741807145.145338681] [object_tracker]: Starting the camera cap and face recoiginiation
[INFO] [1741807147.458451076] [object_tracker]: Finished the camera cap and face recoiginiation
[INFO] [1741807147.464640972] [object_tracker]: No face detected for (ID 37)
[INFO] [1741807147.541410660] [object_tracker]: Head pos size (3,)
[INFO] [1741807147.545387535] [object_tracker]: Head pos size [ 1.7345239   2.0976367  -0.21983755]
[INFO] [1741807147.550314305] [object_tracker]: New object detected: ID 38, Label: Body_38
[INFO] [1741807147.553284566] [object_tracker]: Processing object (ID 38)
[INFO] [1741807147.555966545] [object_tracker]: Starting the camera cap and face recoiginiation
[INFO] [1741807149.875861805] [object_tracker]: Finished the camera cap and face recoiginiation
[INFO] [1741807149.882030607] [object_tracker]: No face detected for (ID 38)
[INFO] [1741807149.910881336] [object_tracker]: Head pos size (3,)
[INFO] [1741807149.914880763] [object_tracker]: Head pos size [ 1.7753167   2.1775043  -0.26162094]
[INFO] [1741807149.919625398] [object_tracker]: New object detected: ID 38, Label: Body_38
[INFO] [1741807149.922673054] [object_tracker]: Processing object (ID 38)
[INFO] [1741807149.925790971] [object_tracker]: Starting the camera cap and face recoiginiation
[INFO] [1741807152.243375710] [object_tracker]: Finished the camera cap and face recoiginiation
[INFO] [1741807152.246476283] [object_tracker]: No face detected for (ID 38)
[INFO] [1741807152.269602741] [object_tracker]: Head pos size (3,)
[INFO] [1741807152.273985710] [object_tracker]: Head pos size [ 1.7293715   2.1423159  -0.29077244]
[INFO] [1741807152.279236908] [object_tracker]: New object detected: ID 38, Label: Body_38
[INFO] [1741807152.281997741] [object_tracker]: Processing object (ID 38)
[INFO] [1741807152.284634460] [object_tracker]: Starting the camera cap and face recoiginiation
[INFO] [1741807154.981011750] [object_tracker]: Finished the camera cap and face recoiginiation
[INFO] [1741807154.983573782] [object_tracker]: Number of faces detected 1
[INFO] [1741807154.988173157] [object_tracker]: 3D point in USB camera's coordinate system:[-2082.31586456   356.77243805  1729.3715477 ]
[INFO] [1741807154.990979719] [object_tracker]: 2D image coordinates (u, v): -917 , 832
[INFO] [1741807155.001951490] [object_tracker]: best score 0.45762747526168823 , for: p3_1
[INFO] [1741807155.046098782] [object_tracker]: We found a match for the body_id 38
[INFO] [1741807155.049039928] [object_tracker]: Labesl have been updated 
[INFO] [1741807176.612396482] [object_tracker]: Head pos size (3,)
[INFO] [1741807176.617116273] [object_tracker]: Head pos size [ 1.5917709   1.9148971  -0.31400874]
[INFO] [1741807176.623825596] [object_tracker]: New object detected: ID 39, Label: Body_39
[INFO] [1741807176.628802680] [object_tracker]: Processing object (ID 39)
[INFO] [1741807176.633289659] [object_tracker]: Starting the camera cap and face recoiginiation
[INFO] [1741807179.400549345] [object_tracker]: Finished the camera cap and face recoiginiation
[INFO] [1741807179.406526897] [object_tracker]: Number of faces detected 1
[INFO] [1741807179.410022418] [object_tracker]: 3D point in USB camera's coordinate system:[-1854.89708424   380.00874257  1591.77088737]
[INFO] [1741807179.413768043] [object_tracker]: 2D image coordinates (u, v): -860 , 880
[INFO] [1741807179.426991793] [object_tracker]: best score 0.8695826828479767 , for: Unknown
[INFO] [1741807179.472177731] [object_tracker]: !!!!!!!!!!! No match found for the body_id 39
[INFO] [1741807179.494041533] [object_tracker]: Head pos size (3,)
[INFO] [1741807179.497993199] [object_tracker]: Head pos size [ 1.6577023   1.8607374  -0.20454283]
[INFO] [1741807179.504979710] [object_tracker]: New object detected: ID 39, Label: Body_39
[INFO] [1741807179.509041012] [object_tracker]: Processing object (ID 39)
[INFO] [1741807179.512160856] [object_tracker]: Starting the camera cap and face recoiginiation
[INFO] [1741807182.399085907] [object_tracker]: Finished the camera cap and face recoiginiation
[INFO] [1741807182.402526428] [object_tracker]: Number of faces detected 1
[INFO] [1741807182.407952573] [object_tracker]: 3D point in USB camera's coordinate system:[-1800.73744297   270.54283059  1657.70232677]
[INFO] [1741807182.410974084] [object_tracker]: 2D image coordinates (u, v): -744 , 767
[INFO] [1741807182.422693563] [object_tracker]: best score 0.4898187518119812 , for: p3_1
[INFO] [1741807182.467891219] [object_tracker]: We found a match for the body_id 39
[INFO] [1741807182.471366063] [object_tracker]: Labesl have been updated 
